SF:lib\lib\dart_aspects\klassen_objecte.dart
DA:2,1
DA:4,1
DA:5,1
DA:8,2
LF:4
LH:4
end_of_record
SF:lib\lib\models\fp\first_class_functions.dart
DA:1,1
DA:5,1
DA:6,1
DA:7,1
LF:4
LH:4
end_of_record
SF:lib\lib\models\fp\pure_functions.dart
DA:1,1
DA:2,1
LF:2
LH:2
end_of_record
SF:lib\main.dart
DA:8,0
DA:10,0
DA:11,0
DA:12,0
DA:14,0
DA:17,0
DA:18,0
DA:20,0
DA:24,0
DA:26,0
DA:36,3
DA:38,0
DA:40,0
DA:41,0
DA:47,4
DA:49,1
DA:54,3
DA:56,1
DA:57,1
DA:61,1
DA:63,1
DA:64,2
DA:65,2
DA:71,1
DA:72,1
DA:74,1
DA:75,0
DA:76,3
DA:78,1
DA:79,1
DA:80,0
DA:81,3
DA:83,1
DA:84,0
DA:85,3
LF:35
LH:19
end_of_record
SF:lib\pages\herauflaufen\herauflaufen.dart
DA:6,4
DA:8,1
DA:10,1
DA:11,1
DA:13,1
DA:14,0
DA:15,3
DA:17,1
DA:18,1
DA:19,0
DA:20,3
LF:11
LH:9
end_of_record
SF:lib\pages\herunterlaufen\herunterlaufen.dart
DA:6,4
DA:8,1
DA:10,1
DA:11,1
DA:13,1
DA:14,0
DA:15,3
DA:17,1
DA:18,1
DA:19,0
DA:20,3
LF:11
LH:9
end_of_record
